[debug] [2024-01-04T21:15:42.135Z] ----------------------------------------------------------------------
[debug] [2024-01-04T21:15:42.149Z] Command:       C:\Program Files\nodejs\node.exe C:\Users\Solo Mon\AppData\Roaming\npm\node_modules\firebase-tools\lib\bin\firebase.js init
[debug] [2024-01-04T21:15:42.151Z] CLI Version:   13.0.2
[debug] [2024-01-04T21:15:42.152Z] Platform:      win32
[debug] [2024-01-04T21:15:42.152Z] Node Version:  v20.10.0
[debug] [2024-01-04T21:15:42.153Z] Time:          Thu Jan 04 2024 13:15:42 GMT-0800 (Pacific Standard Time)
[debug] [2024-01-04T21:15:42.153Z] ----------------------------------------------------------------------
[debug] 
[debug] [2024-01-04T21:15:42.178Z] >>> [apiv2][query] GET https://firebase-public.firebaseio.com/cli.json [none]
[debug] [2024-01-04T21:15:42.978Z] > command requires scopes: ["email","openid","https://www.googleapis.com/auth/cloudplatformprojects.readonly","https://www.googleapis.com/auth/firebase","https://www.googleapis.com/auth/cloud-platform"]
[debug] [2024-01-04T21:15:42.980Z] > authorizing via signed-in user (ozumanology@gmail.com)
[info] 
     ######## #### ########  ######## ########     ###     ######  ########
     ##        ##  ##     ## ##       ##     ##  ##   ##  ##       ##
     ######    ##  ########  ######   ########  #########  ######  ######
     ##        ##  ##    ##  ##       ##     ## ##     ##       ## ##
     ##       #### ##     ## ######## ########  ##     ##  ######  ########

You're about to initialize a Firebase project in this directory:

  C:\Users\Solo Mon\Desktop\netflix-reactjs

Before we get started, keep in mind:

  * You are initializing within an existing Firebase project directory

[debug] [2024-01-04T21:15:44.025Z] <<< [apiv2][status] GET https://firebase-public.firebaseio.com/cli.json 200
[debug] [2024-01-04T21:15:44.027Z] <<< [apiv2][body] GET https://firebase-public.firebaseio.com/cli.json {"cloudBuildErrorAfter":1594252800000,"cloudBuildWarnAfter":1590019200000,"defaultNode10After":1594252800000,"minVersion":"3.0.5","node8DeploysDisabledAfter":1613390400000,"node8RuntimeDisabledAfter":1615809600000,"node8WarnAfter":1600128000000}
